/etc/kshrc: line 52: trap: KEYBD: invalid signal specification
0:50:00 remove files
3 days, 0:45:00 remove files
5:20:00 remove files
3 days, 0:45:00 remove files
1 day, 0:45:00 remove files
7 days, 0:45:00 remove files
1 day, 0:45:00 remove files
1 day, 0:45:00 remove files
3 days, 0:45:00 remove files
3 days, 0:45:00 remove files
6 days, 0:45:00 remove files
3 days, 0:45:00 remove files
1 day, 0:45:00 remove files
0:50:00 remove files
4 days, 0:45:00 remove files
14 days, 0:45:00 remove files
2 days, 0:45:00 remove files
3 days, 0:45:00 remove files
10 days, 0:45:00 remove files
20 days, 0:45:00 remove files
10 days, 0:45:00 remove files
5 days, 0:45:00 remove files
37 days, 0:45:00 remove files
10 days, 0:45:00 remove files
0:55:00 remove files
2 days, 0:45:00 remove files
1:05:00 remove files
2 days, 0:45:00 remove files
5 days, 0:45:00 remove files
1 day, 0:45:00 remove files
14 days, 0:45:00 remove files
3 days, 0:45:00 remove files
1 day, 0:45:00 remove files
1 day, 0:45:00 remove files
14 days, 0:45:00 remove files
2 days, 0:45:00 remove files
0:50:00 remove files
1 day, 0:45:00 remove files
2 days, 0:45:00 remove files
1 day, 0:45:00 remove files
6 days, 0:45:00 remove files
1 day, 0:45:00 remove files
6 days, 0:45:00 remove files
['training_data/201808090445_nimrod_ng_radar_rainrate_composite_1km_UK', 'training_data/201808090450_nimrod_ng_radar_rainrate_composite_1km_UK', 'training_data/201808090455_nimrod_ng_radar_rainrate_composite_1km_UK', 'training_data/201808090500_nimrod_ng_radar_rainrate_composite_1km_UK', 'training_data/201808090505_nimrod_ng_radar_rainrate_composite_1km_UK', 'training_data/201808090510_nimrod_ng_radar_rainrate_composite_1km_UK', 'training_data/201808090515_nimrod_ng_radar_rainrate_composite_1km_UK', 'training_data/201808090520_nimrod_ng_radar_rainrate_composite_1km_UK', 'training_data/201808090545_nimrod_ng_radar_rainrate_composite_1km_UK', 'training_data/201808090550_nimrod_ng_radar_rainrate_composite_1km_UK']
small data of size  9
small data count 1
size of data: 2685 (2685, 10, 128, 128) 2685
Dataset statistics
max =  361.06317874152296
min =  -0.03125000000000001
mean =  0.21698518541937087
std =  0.8752848233405942
stats generated
